{"meta": {"format": 3, "version": "7.13.4", "timestamp": "2026-02-17T00:11:02.418011", "branch_coverage": false, "show_contexts": false}, "files": {"config\\settings.py": {"executed_lines": [6, 7, 8, 9, 10, 11, 15, 18, 22, 23, 24, 25, 28, 32, 38, 44, 45, 46, 52, 53, 56, 57, 58, 61, 65, 71, 73, 74, 75, 77, 80, 101, 102, 105, 107, 109, 110, 111, 113, 114, 116, 117, 118, 119, 120, 122, 123, 125, 126, 127, 129, 143, 145, 151, 152, 153, 154, 158, 165, 166, 167, 169, 176, 178, 185, 186, 188, 194, 195, 196, 200, 207, 218, 225, 231, 245, 248, 262], "summary": {"covered_lines": 78, "num_statements": 88, "percent_covered": 88.63636363636364, "percent_covered_display": "89", "missing_lines": 10, "excluded_lines": 0, "percent_statements_covered": 88.63636363636364, "percent_statements_covered_display": "89"}, "missing_lines": [146, 155, 156, 189, 197, 198, 233, 256, 257, 258], "excluded_lines": [], "functions": {"Settings.__init__": {"executed_lines": [80, 101, 102, 105], "summary": {"covered_lines": 4, "num_statements": 4, "percent_covered": 100.0, "percent_covered_display": "100", "missing_lines": 0, "excluded_lines": 0, "percent_statements_covered": 100.0, "percent_statements_covered_display": "100"}, "missing_lines": [], "excluded_lines": [], "start_line": 77}, "Settings._ensure_directories": {"executed_lines": [109, 110, 111], "summary": {"covered_lines": 3, "num_statements": 3, "percent_covered": 100.0, "percent_covered_display": "100", "missing_lines": 0, "excluded_lines": 0, "percent_statements_covered": 100.0, "percent_statements_covered_display": "100"}, "missing_lines": [], "excluded_lines": [], "start_line": 107}, "Settings.validate_log_level": {"executed_lines": [116, 117, 118, 119, 120], "summary": {"covered_lines": 5, "num_statements": 5, "percent_covered": 100.0, "percent_covered_display": "100", "missing_lines": 0, "excluded_lines": 0, "percent_statements_covered": 100.0, "percent_statements_covered_display": "100"}, "missing_lines": [], "excluded_lines": [], "start_line": 114}, "Settings.validate_min_score": {"executed_lines": [125, 126, 127], "summary": {"covered_lines": 3, "num_statements": 3, "percent_covered": 100.0, "percent_covered_display": "100", "missing_lines": 0, "excluded_lines": 0, "percent_statements_covered": 100.0, "percent_statements_covered_display": "100"}, "missing_lines": [], "excluded_lines": [], "start_line": 123}, "Settings.load_yaml": {"executed_lines": [143, 145, 151, 152, 153, 154], "summary": {"covered_lines": 6, "num_statements": 9, "percent_covered": 66.66666666666667, "percent_covered_display": "67", "missing_lines": 3, "excluded_lines": 0, "percent_statements_covered": 66.66666666666667, "percent_statements_covered_display": "67"}, "missing_lines": [146, 155, 156], "excluded_lines": [], "start_line": 129}, "Settings.load_profile": {"executed_lines": [165, 166, 167], "summary": {"covered_lines": 3, "num_statements": 3, "percent_covered": 100.0, "percent_covered_display": "100", "missing_lines": 0, "excluded_lines": 0, "percent_statements_covered": 100.0, "percent_statements_covered_display": "100"}, "missing_lines": [], "excluded_lines": [], "start_line": 158}, "Settings.load_scoring_rules": {"executed_lines": [176], "summary": {"covered_lines": 1, "num_statements": 1, "percent_covered": 100.0, "percent_covered_display": "100", "missing_lines": 0, "excluded_lines": 0, "percent_statements_covered": 100.0, "percent_statements_covered_display": "100"}, "missing_lines": [], "excluded_lines": [], "start_line": 169}, "Settings.load_tech_dictionary": {"executed_lines": [185, 186, 188, 194, 195, 196], "summary": {"covered_lines": 6, "num_statements": 9, "percent_covered": 66.66666666666667, "percent_covered_display": "67", "missing_lines": 3, "excluded_lines": 0, "percent_statements_covered": 66.66666666666667, "percent_statements_covered_display": "67"}, "missing_lines": [189, 197, 198], "excluded_lines": [], "start_line": 178}, "Settings.get_scrapers_config": {"executed_lines": [207], "summary": {"covered_lines": 1, "num_statements": 1, "percent_covered": 100.0, "percent_covered_display": "100", "missing_lines": 0, "excluded_lines": 0, "percent_statements_covered": 100.0, "percent_statements_covered_display": "100"}, "missing_lines": [], "excluded_lines": [], "start_line": 200}, "Settings.get_cache_config": {"executed_lines": [225], "summary": {"covered_lines": 1, "num_statements": 1, "percent_covered": 100.0, "percent_covered_display": "100", "missing_lines": 0, "excluded_lines": 0, "percent_statements_covered": 100.0, "percent_statements_covered_display": "100"}, "missing_lines": [], "excluded_lines": [], "start_line": 218}, "Settings.__repr__": {"executed_lines": [], "summary": {"covered_lines": 0, "num_statements": 1, "percent_covered": 0.0, "percent_covered_display": "0", "missing_lines": 1, "excluded_lines": 0, "percent_statements_covered": 0.0, "percent_statements_covered_display": "0"}, "missing_lines": [233], "excluded_lines": [], "start_line": 231}, "get_settings": {"executed_lines": [], "summary": {"covered_lines": 0, "num_statements": 3, "percent_covered": 0.0, "percent_covered_display": "0", "missing_lines": 3, "excluded_lines": 0, "percent_statements_covered": 0.0, "percent_statements_covered_display": "0"}, "missing_lines": [256, 257, 258], "excluded_lines": [], "start_line": 248}, "": {"executed_lines": [6, 7, 8, 9, 10, 11, 15, 18, 22, 23, 24, 25, 28, 32, 38, 44, 45, 46, 52, 53, 56, 57, 58, 61, 65, 71, 73, 74, 75, 77, 107, 113, 114, 122, 123, 129, 158, 169, 178, 200, 218, 231, 245, 248, 262], "summary": {"covered_lines": 45, "num_statements": 45, "percent_covered": 100.0, "percent_covered_display": "100", "missing_lines": 0, "excluded_lines": 0, "percent_statements_covered": 100.0, "percent_statements_covered_display": "100"}, "missing_lines": [], "excluded_lines": [], "start_line": 1}}, "classes": {"Settings": {"executed_lines": [80, 101, 102, 105, 109, 110, 111, 116, 117, 118, 119, 120, 125, 126, 127, 143, 145, 151, 152, 153, 154, 165, 166, 167, 176, 185, 186, 188, 194, 195, 196, 207, 225], "summary": {"covered_lines": 33, "num_statements": 40, "percent_covered": 82.5, "percent_covered_display": "82", "missing_lines": 7, "excluded_lines": 0, "percent_statements_covered": 82.5, "percent_statements_covered_display": "82"}, "missing_lines": [146, 155, 156, 189, 197, 198, 233], "excluded_lines": [], "start_line": 18}, "Settings.Config": {"executed_lines": [], "summary": {"covered_lines": 0, "num_statements": 0, "percent_covered": 100.0, "percent_covered_display": "100", "missing_lines": 0, "excluded_lines": 0, "percent_statements_covered": 100.0, "percent_statements_covered_display": "100"}, "missing_lines": [], "excluded_lines": [], "start_line": 73}, "": {"executed_lines": [6, 7, 8, 9, 10, 11, 15, 18, 22, 23, 24, 25, 28, 32, 38, 44, 45, 46, 52, 53, 56, 57, 58, 61, 65, 71, 73, 74, 75, 77, 107, 113, 114, 122, 123, 129, 158, 169, 178, 200, 218, 231, 245, 248, 262], "summary": {"covered_lines": 45, "num_statements": 48, "percent_covered": 93.75, "percent_covered_display": "94", "missing_lines": 3, "excluded_lines": 0, "percent_statements_covered": 93.75, "percent_statements_covered_display": "94"}, "missing_lines": [256, 257, 258], "excluded_lines": [], "start_line": 1}}}, "extractors\\__init__.py": {"executed_lines": [3, 5], "summary": {"covered_lines": 2, "num_statements": 2, "percent_covered": 100.0, "percent_covered_display": "100", "missing_lines": 0, "excluded_lines": 0, "percent_statements_covered": 100.0, "percent_statements_covered_display": "100"}, "missing_lines": [], "excluded_lines": [], "functions": {"": {"executed_lines": [3, 5], "summary": {"covered_lines": 2, "num_statements": 2, "percent_covered": 100.0, "percent_covered_display": "100", "missing_lines": 0, "excluded_lines": 0, "percent_statements_covered": 100.0, "percent_statements_covered_display": "100"}, "missing_lines": [], "excluded_lines": [], "start_line": 1}}, "classes": {"": {"executed_lines": [3, 5], "summary": {"covered_lines": 2, "num_statements": 2, "percent_covered": 100.0, "percent_covered_display": "100", "missing_lines": 0, "excluded_lines": 0, "percent_statements_covered": 100.0, "percent_statements_covered_display": "100"}, "missing_lines": [], "excluded_lines": [], "start_line": 1}}}, "extractors\\base.py": {"executed_lines": [3, 4, 7, 15, 16, 28, 39, 41], "summary": {"covered_lines": 8, "num_statements": 9, "percent_covered": 88.88888888888889, "percent_covered_display": "89", "missing_lines": 1, "excluded_lines": 0, "percent_statements_covered": 88.88888888888889, "percent_statements_covered_display": "89"}, "missing_lines": [26], "excluded_lines": [], "functions": {"BaseExtractor.extract": {"executed_lines": [], "summary": {"covered_lines": 0, "num_statements": 1, "percent_covered": 0.0, "percent_covered_display": "0", "missing_lines": 1, "excluded_lines": 0, "percent_statements_covered": 0.0, "percent_statements_covered_display": "0"}, "missing_lines": [26], "excluded_lines": [], "start_line": 16}, "BaseExtractor.preprocess_text": {"executed_lines": [39, 41], "summary": {"covered_lines": 2, "num_statements": 2, "percent_covered": 100.0, "percent_covered_display": "100", "missing_lines": 0, "excluded_lines": 0, "percent_statements_covered": 100.0, "percent_statements_covered_display": "100"}, "missing_lines": [], "excluded_lines": [], "start_line": 28}, "": {"executed_lines": [3, 4, 7, 15, 16, 28], "summary": {"covered_lines": 6, "num_statements": 6, "percent_covered": 100.0, "percent_covered_display": "100", "missing_lines": 0, "excluded_lines": 0, "percent_statements_covered": 100.0, "percent_statements_covered_display": "100"}, "missing_lines": [], "excluded_lines": [], "start_line": 1}}, "classes": {"BaseExtractor": {"executed_lines": [39, 41], "summary": {"covered_lines": 2, "num_statements": 3, "percent_covered": 66.66666666666667, "percent_covered_display": "67", "missing_lines": 1, "excluded_lines": 0, "percent_statements_covered": 66.66666666666667, "percent_statements_covered_display": "67"}, "missing_lines": [26], "excluded_lines": [], "start_line": 7}, "": {"executed_lines": [3, 4, 7, 15, 16, 28], "summary": {"covered_lines": 6, "num_statements": 6, "percent_covered": 100.0, "percent_covered_display": "100", "missing_lines": 0, "excluded_lines": 0, "percent_statements_covered": 100.0, "percent_statements_covered_display": "100"}, "missing_lines": [], "excluded_lines": [], "start_line": 1}}}, "extractors\\tech_extractor.py": {"executed_lines": [3, 4, 5, 6, 8, 10, 11, 14, 22, 29, 32, 33, 35, 38, 41, 44, 46, 56, 57, 58, 70, 73, 74, 76, 79, 80, 81, 82, 84, 91, 106, 116, 119, 128, 129, 130, 131, 132, 134, 136, 146, 147, 150, 153, 156, 159, 161, 163, 165, 175, 178, 179, 182, 183, 184, 186, 187, 188, 189, 191, 195], "summary": {"covered_lines": 61, "num_statements": 65, "percent_covered": 93.84615384615384, "percent_covered_display": "94", "missing_lines": 4, "excluded_lines": 0, "percent_statements_covered": 93.84615384615384, "percent_statements_covered_display": "94"}, "missing_lines": [59, 60, 61, 192], "excluded_lines": [], "functions": {"TechStackExtractor.__init__": {"executed_lines": [29, 32, 33, 35, 38, 41, 44], "summary": {"covered_lines": 7, "num_statements": 7, "percent_covered": 100.0, "percent_covered_display": "100", "missing_lines": 0, "excluded_lines": 0, "percent_statements_covered": 100.0, "percent_statements_covered_display": "100"}, "missing_lines": [], "excluded_lines": [], "start_line": 22}, "TechStackExtractor._load_tech_dictionary": {"executed_lines": [56, 57, 58], "summary": {"covered_lines": 3, "num_statements": 6, "percent_covered": 50.0, "percent_covered_display": "50", "missing_lines": 3, "excluded_lines": 0, "percent_statements_covered": 50.0, "percent_statements_covered_display": "50"}, "missing_lines": [59, 60, 61], "excluded_lines": [], "start_line": 46}, "TechStackExtractor._build_keyword_processor": {"executed_lines": [73, 74, 76, 79, 80, 81, 82], "summary": {"covered_lines": 7, "num_statements": 7, "percent_covered": 100.0, "percent_covered_display": "100", "missing_lines": 0, "excluded_lines": 0, "percent_statements_covered": 100.0, "percent_statements_covered_display": "100"}, "missing_lines": [], "excluded_lines": [], "start_line": 70}, "TechStackExtractor._build_special_patterns": {"executed_lines": [91], "summary": {"covered_lines": 1, "num_statements": 1, "percent_covered": 100.0, "percent_covered_display": "100", "missing_lines": 0, "excluded_lines": 0, "percent_statements_covered": 100.0, "percent_statements_covered_display": "100"}, "missing_lines": [], "excluded_lines": [], "start_line": 84}, "TechStackExtractor._extract_special_cases": {"executed_lines": [116, 119, 128, 129, 130, 131, 132, 134], "summary": {"covered_lines": 8, "num_statements": 8, "percent_covered": 100.0, "percent_covered_display": "100", "missing_lines": 0, "excluded_lines": 0, "percent_statements_covered": 100.0, "percent_statements_covered_display": "100"}, "missing_lines": [], "excluded_lines": [], "start_line": 106}, "TechStackExtractor.extract": {"executed_lines": [146, 147, 150, 153, 156, 159, 161, 163], "summary": {"covered_lines": 8, "num_statements": 8, "percent_covered": 100.0, "percent_covered_display": "100", "missing_lines": 0, "excluded_lines": 0, "percent_statements_covered": 100.0, "percent_statements_covered_display": "100"}, "missing_lines": [], "excluded_lines": [], "start_line": 136}, "TechStackExtractor.extract_by_category": {"executed_lines": [175, 178, 179, 182, 183, 184, 186, 187, 188, 189, 191, 195], "summary": {"covered_lines": 12, "num_statements": 13, "percent_covered": 92.3076923076923, "percent_covered_display": "92", "missing_lines": 1, "excluded_lines": 0, "percent_statements_covered": 92.3076923076923, "percent_statements_covered_display": "92"}, "missing_lines": [192], "excluded_lines": [], "start_line": 165}, "": {"executed_lines": [3, 4, 5, 6, 8, 10, 11, 14, 22, 46, 70, 84, 106, 136, 165], "summary": {"covered_lines": 15, "num_statements": 15, "percent_covered": 100.0, "percent_covered_display": "100", "missing_lines": 0, "excluded_lines": 0, "percent_statements_covered": 100.0, "percent_statements_covered_display": "100"}, "missing_lines": [], "excluded_lines": [], "start_line": 1}}, "classes": {"TechStackExtractor": {"executed_lines": [29, 32, 33, 35, 38, 41, 44, 56, 57, 58, 73, 74, 76, 79, 80, 81, 82, 91, 116, 119, 128, 129, 130, 131, 132, 134, 146, 147, 150, 153, 156, 159, 161, 163, 175, 178, 179, 182, 183, 184, 186, 187, 188, 189, 191, 195], "summary": {"covered_lines": 46, "num_statements": 50, "percent_covered": 92.0, "percent_covered_display": "92", "missing_lines": 4, "excluded_lines": 0, "percent_statements_covered": 92.0, "percent_statements_covered_display": "92"}, "missing_lines": [59, 60, 61, 192], "excluded_lines": [], "start_line": 14}, "": {"executed_lines": [3, 4, 5, 6, 8, 10, 11, 14, 22, 46, 70, 84, 106, 136, 165], "summary": {"covered_lines": 15, "num_statements": 15, "percent_covered": 100.0, "percent_covered_display": "100", "missing_lines": 0, "excluded_lines": 0, "percent_statements_covered": 100.0, "percent_statements_covered_display": "100"}, "missing_lines": [], "excluded_lines": [], "start_line": 1}}}, "matchers\\__init__.py": {"executed_lines": [3, 5], "summary": {"covered_lines": 2, "num_statements": 2, "percent_covered": 100.0, "percent_covered_display": "100", "missing_lines": 0, "excluded_lines": 0, "percent_statements_covered": 100.0, "percent_statements_covered_display": "100"}, "missing_lines": [], "excluded_lines": [], "functions": {"": {"executed_lines": [3, 5], "summary": {"covered_lines": 2, "num_statements": 2, "percent_covered": 100.0, "percent_covered_display": "100", "missing_lines": 0, "excluded_lines": 0, "percent_statements_covered": 100.0, "percent_statements_covered_display": "100"}, "missing_lines": [], "excluded_lines": [], "start_line": 1}}, "classes": {"": {"executed_lines": [3, 5], "summary": {"covered_lines": 2, "num_statements": 2, "percent_covered": 100.0, "percent_covered_display": "100", "missing_lines": 0, "excluded_lines": 0, "percent_statements_covered": 100.0, "percent_statements_covered_display": "100"}, "missing_lines": [], "excluded_lines": [], "start_line": 1}}}, "matchers\\tfidf_matcher.py": {"executed_lines": [3, 4, 5, 6, 8, 11, 18, 34, 37, 48, 58, 59, 61, 68, 69, 70, 72, 74, 75, 77, 94, 95, 96, 99, 102, 103, 112, 113, 114, 117, 120, 122, 124, 130, 145, 147, 149, 152, 156, 159, 161, 163, 180, 183, 186, 188, 190, 197, 200, 202, 213, 214, 216, 217, 220, 221, 222, 225], "summary": {"covered_lines": 58, "num_statements": 67, "percent_covered": 86.56716417910448, "percent_covered_display": "87", "missing_lines": 9, "excluded_lines": 0, "percent_statements_covered": 86.56716417910448, "percent_statements_covered_display": "87"}, "missing_lines": [104, 106, 109, 126, 127, 128, 150, 153, 198], "excluded_lines": [], "functions": {"TfidfMatcher.__init__": {"executed_lines": [34, 37, 48, 58, 59], "summary": {"covered_lines": 5, "num_statements": 5, "percent_covered": 100.0, "percent_covered_display": "100", "missing_lines": 0, "excluded_lines": 0, "percent_statements_covered": 100.0, "percent_statements_covered_display": "100"}, "missing_lines": [], "excluded_lines": [], "start_line": 18}, "TfidfMatcher.fit": {"executed_lines": [68, 69, 70, 72, 74, 75], "summary": {"covered_lines": 6, "num_statements": 6, "percent_covered": 100.0, "percent_covered_display": "100", "missing_lines": 0, "excluded_lines": 0, "percent_statements_covered": 100.0, "percent_statements_covered_display": "100"}, "missing_lines": [], "excluded_lines": [], "start_line": 61}, "TfidfMatcher.calculate_similarity": {"executed_lines": [94, 95, 96, 99, 102, 103, 112, 113, 114, 117, 120, 122, 124], "summary": {"covered_lines": 13, "num_statements": 19, "percent_covered": 68.42105263157895, "percent_covered_display": "68", "missing_lines": 6, "excluded_lines": 0, "percent_statements_covered": 68.42105263157895, "percent_statements_covered_display": "68"}, "missing_lines": [104, 106, 109, 126, 127, 128], "excluded_lines": [], "start_line": 77}, "TfidfMatcher.calculate_similarity_to_corpus": {"executed_lines": [145, 147, 149, 152, 156, 159, 161], "summary": {"covered_lines": 7, "num_statements": 9, "percent_covered": 77.77777777777777, "percent_covered_display": "78", "missing_lines": 2, "excluded_lines": 0, "percent_statements_covered": 77.77777777777777, "percent_statements_covered_display": "78"}, "missing_lines": [150, 153], "excluded_lines": [], "start_line": 130}, "TfidfMatcher.find_most_similar": {"executed_lines": [180, 183, 186, 188], "summary": {"covered_lines": 4, "num_statements": 4, "percent_covered": 100.0, "percent_covered_display": "100", "missing_lines": 0, "excluded_lines": 0, "percent_statements_covered": 100.0, "percent_statements_covered_display": "100"}, "missing_lines": [], "excluded_lines": [], "start_line": 163}, "TfidfMatcher.get_feature_names": {"executed_lines": [197, 200], "summary": {"covered_lines": 2, "num_statements": 3, "percent_covered": 66.66666666666667, "percent_covered_display": "67", "missing_lines": 1, "excluded_lines": 0, "percent_statements_covered": 66.66666666666667, "percent_statements_covered_display": "67"}, "missing_lines": [198], "excluded_lines": [], "start_line": 190}, "TfidfMatcher.get_tfidf_scores": {"executed_lines": [213, 214, 216, 217, 220, 221, 222, 225], "summary": {"covered_lines": 8, "num_statements": 8, "percent_covered": 100.0, "percent_covered_display": "100", "missing_lines": 0, "excluded_lines": 0, "percent_statements_covered": 100.0, "percent_statements_covered_display": "100"}, "missing_lines": [], "excluded_lines": [], "start_line": 202}, "": {"executed_lines": [3, 4, 5, 6, 8, 11, 18, 61, 77, 130, 163, 190, 202], "summary": {"covered_lines": 13, "num_statements": 13, "percent_covered": 100.0, "percent_covered_display": "100", "missing_lines": 0, "excluded_lines": 0, "percent_statements_covered": 100.0, "percent_statements_covered_display": "100"}, "missing_lines": [], "excluded_lines": [], "start_line": 1}}, "classes": {"TfidfMatcher": {"executed_lines": [34, 37, 48, 58, 59, 68, 69, 70, 72, 74, 75, 94, 95, 96, 99, 102, 103, 112, 113, 114, 117, 120, 122, 124, 145, 147, 149, 152, 156, 159, 161, 180, 183, 186, 188, 197, 200, 213, 214, 216, 217, 220, 221, 222, 225], "summary": {"covered_lines": 45, "num_statements": 54, "percent_covered": 83.33333333333333, "percent_covered_display": "83", "missing_lines": 9, "excluded_lines": 0, "percent_statements_covered": 83.33333333333333, "percent_statements_covered_display": "83"}, "missing_lines": [104, 106, 109, 126, 127, 128, 150, 153, 198], "excluded_lines": [], "start_line": 11}, "": {"executed_lines": [3, 4, 5, 6, 8, 11, 18, 61, 77, 130, 163, 190, 202], "summary": {"covered_lines": 13, "num_statements": 13, "percent_covered": 100.0, "percent_covered_display": "100", "missing_lines": 0, "excluded_lines": 0, "percent_statements_covered": 100.0, "percent_statements_covered_display": "100"}, "missing_lines": [], "excluded_lines": [], "start_line": 1}}}, "models\\__init__.py": {"executed_lines": [3, 4, 6], "summary": {"covered_lines": 3, "num_statements": 3, "percent_covered": 100.0, "percent_covered_display": "100", "missing_lines": 0, "excluded_lines": 0, "percent_statements_covered": 100.0, "percent_statements_covered_display": "100"}, "missing_lines": [], "excluded_lines": [], "functions": {"": {"executed_lines": [3, 4, 6], "summary": {"covered_lines": 3, "num_statements": 3, "percent_covered": 100.0, "percent_covered_display": "100", "missing_lines": 0, "excluded_lines": 0, "percent_statements_covered": 100.0, "percent_statements_covered_display": "100"}, "missing_lines": [], "excluded_lines": [], "start_line": 1}}, "classes": {"": {"executed_lines": [3, 4, 6], "summary": {"covered_lines": 3, "num_statements": 3, "percent_covered": 100.0, "percent_covered_display": "100", "missing_lines": 0, "excluded_lines": 0, "percent_statements_covered": 100.0, "percent_statements_covered_display": "100"}, "missing_lines": [], "excluded_lines": [], "start_line": 1}}}, "models\\job.py": {"executed_lines": [3, 4, 5, 6, 9, 12, 13, 14, 18, 20, 21, 37, 41, 42, 43, 44, 45, 46, 47, 48, 51, 52, 53, 54, 57, 58, 61, 63, 64, 68, 85, 86, 97, 98, 100, 101, 103, 104, 107, 108, 110, 112, 114, 115, 117, 118, 120, 121, 122, 123, 124, 125, 126, 127, 129, 136, 138, 148, 150, 157, 159, 160, 162, 163, 165, 170], "summary": {"covered_lines": 66, "num_statements": 71, "percent_covered": 92.95774647887323, "percent_covered_display": "93", "missing_lines": 5, "excluded_lines": 0, "percent_statements_covered": 92.95774647887323, "percent_statements_covered_display": "93"}, "missing_lines": [105, 111, 167, 168, 172], "excluded_lines": [], "functions": {"Job.generate_id": {"executed_lines": [97, 98], "summary": {"covered_lines": 2, "num_statements": 2, "percent_covered": 100.0, "percent_covered_display": "100", "missing_lines": 0, "excluded_lines": 0, "percent_statements_covered": 100.0, "percent_statements_covered_display": "100"}, "missing_lines": [], "excluded_lines": [], "start_line": 86}, "Job.strip_whitespace": {"executed_lines": [103, 104], "summary": {"covered_lines": 2, "num_statements": 3, "percent_covered": 66.66666666666667, "percent_covered_display": "67", "missing_lines": 1, "excluded_lines": 0, "percent_statements_covered": 66.66666666666667, "percent_statements_covered_display": "67"}, "missing_lines": [105], "excluded_lines": [], "start_line": 101}, "Job.validate_description_length": {"executed_lines": [110, 112], "summary": {"covered_lines": 2, "num_statements": 3, "percent_covered": 66.66666666666667, "percent_covered_display": "67", "missing_lines": 1, "excluded_lines": 0, "percent_statements_covered": 66.66666666666667, "percent_statements_covered_display": "67"}, "missing_lines": [111], "excluded_lines": [], "start_line": 108}, "Job.deduplicate_tech_stack": {"executed_lines": [117, 118, 120, 121, 122, 123, 124, 125, 126, 127], "summary": {"covered_lines": 10, "num_statements": 10, "percent_covered": 100.0, "percent_covered_display": "100", "missing_lines": 0, "excluded_lines": 0, "percent_statements_covered": 100.0, "percent_statements_covered_display": "100"}, "missing_lines": [], "excluded_lines": [], "start_line": 115}, "Job.get_age_days": {"executed_lines": [136], "summary": {"covered_lines": 1, "num_statements": 1, "percent_covered": 100.0, "percent_covered_display": "100", "missing_lines": 0, "excluded_lines": 0, "percent_statements_covered": 100.0, "percent_statements_covered_display": "100"}, "missing_lines": [], "excluded_lines": [], "start_line": 129}, "Job.is_fresh": {"executed_lines": [148], "summary": {"covered_lines": 1, "num_statements": 1, "percent_covered": 100.0, "percent_covered_display": "100", "missing_lines": 0, "excluded_lines": 0, "percent_statements_covered": 100.0, "percent_statements_covered_display": "100"}, "missing_lines": [], "excluded_lines": [], "start_line": 138}, "Job.to_dict": {"executed_lines": [157, 159, 160, 162, 163], "summary": {"covered_lines": 5, "num_statements": 5, "percent_covered": 100.0, "percent_covered_display": "100", "missing_lines": 0, "excluded_lines": 0, "percent_statements_covered": 100.0, "percent_statements_covered_display": "100"}, "missing_lines": [], "excluded_lines": [], "start_line": 150}, "Job.__str__": {"executed_lines": [], "summary": {"covered_lines": 0, "num_statements": 2, "percent_covered": 0.0, "percent_covered_display": "0", "missing_lines": 2, "excluded_lines": 0, "percent_statements_covered": 0.0, "percent_statements_covered_display": "0"}, "missing_lines": [167, 168], "excluded_lines": [], "start_line": 165}, "Job.__repr__": {"executed_lines": [], "summary": {"covered_lines": 0, "num_statements": 1, "percent_covered": 0.0, "percent_covered_display": "0", "missing_lines": 1, "excluded_lines": 0, "percent_statements_covered": 0.0, "percent_statements_covered_display": "0"}, "missing_lines": [172], "excluded_lines": [], "start_line": 170}, "": {"executed_lines": [3, 4, 5, 6, 9, 12, 13, 14, 18, 20, 21, 37, 41, 42, 43, 44, 45, 46, 47, 48, 51, 52, 53, 54, 57, 58, 61, 63, 64, 68, 85, 86, 100, 101, 107, 108, 114, 115, 129, 138, 150, 165, 170], "summary": {"covered_lines": 43, "num_statements": 43, "percent_covered": 100.0, "percent_covered_display": "100", "missing_lines": 0, "excluded_lines": 0, "percent_statements_covered": 100.0, "percent_statements_covered_display": "100"}, "missing_lines": [], "excluded_lines": [], "start_line": 1}}, "classes": {"ScoreResult": {"executed_lines": [], "summary": {"covered_lines": 0, "num_statements": 0, "percent_covered": 100.0, "percent_covered_display": "100", "missing_lines": 0, "excluded_lines": 0, "percent_statements_covered": 100.0, "percent_statements_covered_display": "100"}, "missing_lines": [], "excluded_lines": [], "start_line": 9}, "ScoreResult.Config": {"executed_lines": [], "summary": {"covered_lines": 0, "num_statements": 0, "percent_covered": 100.0, "percent_covered_display": "100", "missing_lines": 0, "excluded_lines": 0, "percent_statements_covered": 100.0, "percent_statements_covered_display": "100"}, "missing_lines": [], "excluded_lines": [], "start_line": 20}, "Job": {"executed_lines": [97, 98, 103, 104, 110, 112, 117, 118, 120, 121, 122, 123, 124, 125, 126, 127, 136, 148, 157, 159, 160, 162, 163], "summary": {"covered_lines": 23, "num_statements": 28, "percent_covered": 82.14285714285714, "percent_covered_display": "82", "missing_lines": 5, "excluded_lines": 0, "percent_statements_covered": 82.14285714285714, "percent_statements_covered_display": "82"}, "missing_lines": [105, 111, 167, 168, 172], "excluded_lines": [], "start_line": 37}, "Job.Config": {"executed_lines": [], "summary": {"covered_lines": 0, "num_statements": 0, "percent_covered": 100.0, "percent_covered_display": "100", "missing_lines": 0, "excluded_lines": 0, "percent_statements_covered": 100.0, "percent_statements_covered_display": "100"}, "missing_lines": [], "excluded_lines": [], "start_line": 63}, "": {"executed_lines": [3, 4, 5, 6, 9, 12, 13, 14, 18, 20, 21, 37, 41, 42, 43, 44, 45, 46, 47, 48, 51, 52, 53, 54, 57, 58, 61, 63, 64, 68, 85, 86, 100, 101, 107, 108, 114, 115, 129, 138, 150, 165, 170], "summary": {"covered_lines": 43, "num_statements": 43, "percent_covered": 100.0, "percent_covered_display": "100", "missing_lines": 0, "excluded_lines": 0, "percent_statements_covered": 100.0, "percent_statements_covered_display": "100"}, "missing_lines": [], "excluded_lines": [], "start_line": 1}}}, "models\\profile.py": {"executed_lines": [3, 4, 7, 10, 11, 12, 17, 18, 20, 22, 23, 24, 25, 27, 28, 37, 41, 44, 47, 53, 59, 66, 71, 72, 103, 104, 106, 108, 115, 116, 117, 120, 121, 123, 124, 125, 127, 129, 131, 141, 142, 144, 145, 146, 149, 150, 151, 152, 153, 154, 156, 158, 165, 167, 174, 176, 185, 192, 193, 195, 200], "summary": {"covered_lines": 61, "num_statements": 68, "percent_covered": 89.70588235294117, "percent_covered_display": "90", "missing_lines": 7, "excluded_lines": 0, "percent_statements_covered": 89.70588235294117, "percent_statements_covered_display": "90"}, "missing_lines": [21, 118, 147, 183, 197, 198, 202], "excluded_lines": [], "functions": {"Skill.validate_proficiency": {"executed_lines": [20, 22, 23, 24, 25], "summary": {"covered_lines": 5, "num_statements": 6, "percent_covered": 83.33333333333333, "percent_covered_display": "83", "missing_lines": 1, "excluded_lines": 0, "percent_statements_covered": 83.33333333333333, "percent_statements_covered_display": "83"}, "missing_lines": [21], "excluded_lines": [], "start_line": 18}, "Profile.strip_profile_text": {"executed_lines": [106], "summary": {"covered_lines": 1, "num_statements": 1, "percent_covered": 100.0, "percent_covered_display": "100", "missing_lines": 0, "excluded_lines": 0, "percent_statements_covered": 100.0, "percent_statements_covered_display": "100"}, "missing_lines": [], "excluded_lines": [], "start_line": 104}, "Profile.get_all_skills_flat": {"executed_lines": [115, 116, 117, 120, 121, 123, 124, 125, 127, 129], "summary": {"covered_lines": 10, "num_statements": 11, "percent_covered": 90.9090909090909, "percent_covered_display": "91", "missing_lines": 1, "excluded_lines": 0, "percent_statements_covered": 90.9090909090909, "percent_statements_covered_display": "91"}, "missing_lines": [118], "excluded_lines": [], "start_line": 108}, "Profile.get_high_proficiency_skills": {"executed_lines": [141, 142, 144, 145, 146, 149, 150, 151, 152, 153, 154, 156], "summary": {"covered_lines": 12, "num_statements": 13, "percent_covered": 92.3076923076923, "percent_covered_display": "92", "missing_lines": 1, "excluded_lines": 0, "percent_statements_covered": 92.3076923076923, "percent_statements_covered_display": "92"}, "missing_lines": [147], "excluded_lines": [], "start_line": 131}, "Profile.get_min_score": {"executed_lines": [165], "summary": {"covered_lines": 1, "num_statements": 1, "percent_covered": 100.0, "percent_covered_display": "100", "missing_lines": 0, "excluded_lines": 0, "percent_statements_covered": 100.0, "percent_statements_covered_display": "100"}, "missing_lines": [], "excluded_lines": [], "start_line": 158}, "Profile.get_preferred_locations": {"executed_lines": [174], "summary": {"covered_lines": 1, "num_statements": 1, "percent_covered": 100.0, "percent_covered_display": "100", "missing_lines": 0, "excluded_lines": 0, "percent_statements_covered": 100.0, "percent_statements_covered_display": "100"}, "missing_lines": [], "excluded_lines": [], "start_line": 167}, "Profile.get_preferred_contract_types": {"executed_lines": [], "summary": {"covered_lines": 0, "num_statements": 1, "percent_covered": 0.0, "percent_covered_display": "0", "missing_lines": 1, "excluded_lines": 0, "percent_statements_covered": 0.0, "percent_statements_covered_display": "0"}, "missing_lines": [183], "excluded_lines": [], "start_line": 176}, "Profile.is_remote_preferred": {"executed_lines": [192, 193], "summary": {"covered_lines": 2, "num_statements": 2, "percent_covered": 100.0, "percent_covered_display": "100", "missing_lines": 0, "excluded_lines": 0, "percent_statements_covered": 100.0, "percent_statements_covered_display": "100"}, "missing_lines": [], "excluded_lines": [], "start_line": 185}, "Profile.__str__": {"executed_lines": [], "summary": {"covered_lines": 0, "num_statements": 2, "percent_covered": 0.0, "percent_covered_display": "0", "missing_lines": 2, "excluded_lines": 0, "percent_statements_covered": 0.0, "percent_statements_covered_display": "0"}, "missing_lines": [197, 198], "excluded_lines": [], "start_line": 195}, "Profile.__repr__": {"executed_lines": [], "summary": {"covered_lines": 0, "num_statements": 1, "percent_covered": 0.0, "percent_covered_display": "0", "missing_lines": 1, "excluded_lines": 0, "percent_statements_covered": 0.0, "percent_statements_covered_display": "0"}, "missing_lines": [202], "excluded_lines": [], "start_line": 200}, "": {"executed_lines": [3, 4, 7, 10, 11, 12, 17, 18, 27, 28, 37, 41, 44, 47, 53, 59, 66, 71, 72, 103, 104, 108, 131, 158, 167, 176, 185, 195, 200], "summary": {"covered_lines": 29, "num_statements": 29, "percent_covered": 100.0, "percent_covered_display": "100", "missing_lines": 0, "excluded_lines": 0, "percent_statements_covered": 100.0, "percent_statements_covered_display": "100"}, "missing_lines": [], "excluded_lines": [], "start_line": 1}}, "classes": {"Skill": {"executed_lines": [20, 22, 23, 24, 25], "summary": {"covered_lines": 5, "num_statements": 6, "percent_covered": 83.33333333333333, "percent_covered_display": "83", "missing_lines": 1, "excluded_lines": 0, "percent_statements_covered": 83.33333333333333, "percent_statements_covered_display": "83"}, "missing_lines": [21], "excluded_lines": [], "start_line": 7}, "Skill.Config": {"executed_lines": [], "summary": {"covered_lines": 0, "num_statements": 0, "percent_covered": 100.0, "percent_covered_display": "100", "missing_lines": 0, "excluded_lines": 0, "percent_statements_covered": 100.0, "percent_statements_covered_display": "100"}, "missing_lines": [], "excluded_lines": [], "start_line": 27}, "Profile": {"executed_lines": [106, 115, 116, 117, 120, 121, 123, 124, 125, 127, 129, 141, 142, 144, 145, 146, 149, 150, 151, 152, 153, 154, 156, 165, 174, 192, 193], "summary": {"covered_lines": 27, "num_statements": 33, "percent_covered": 81.81818181818181, "percent_covered_display": "82", "missing_lines": 6, "excluded_lines": 0, "percent_statements_covered": 81.81818181818181, "percent_statements_covered_display": "82"}, "missing_lines": [118, 147, 183, 197, 198, 202], "excluded_lines": [], "start_line": 37}, "Profile.Config": {"executed_lines": [], "summary": {"covered_lines": 0, "num_statements": 0, "percent_covered": 100.0, "percent_covered_display": "100", "missing_lines": 0, "excluded_lines": 0, "percent_statements_covered": 100.0, "percent_statements_covered_display": "100"}, "missing_lines": [], "excluded_lines": [], "start_line": 71}, "": {"executed_lines": [3, 4, 7, 10, 11, 12, 17, 18, 27, 28, 37, 41, 44, 47, 53, 59, 66, 71, 72, 103, 104, 108, 131, 158, 167, 176, 185, 195, 200], "summary": {"covered_lines": 29, "num_statements": 29, "percent_covered": 100.0, "percent_covered_display": "100", "missing_lines": 0, "excluded_lines": 0, "percent_statements_covered": 100.0, "percent_statements_covered_display": "100"}, "missing_lines": [], "excluded_lines": [], "start_line": 1}}}, "processors\\__init__.py": {"executed_lines": [3, 4, 7], "summary": {"covered_lines": 3, "num_statements": 3, "percent_covered": 100.0, "percent_covered_display": "100", "missing_lines": 0, "excluded_lines": 0, "percent_statements_covered": 100.0, "percent_statements_covered_display": "100"}, "missing_lines": [], "excluded_lines": [], "functions": {"": {"executed_lines": [3, 4, 7], "summary": {"covered_lines": 3, "num_statements": 3, "percent_covered": 100.0, "percent_covered_display": "100", "missing_lines": 0, "excluded_lines": 0, "percent_statements_covered": 100.0, "percent_statements_covered_display": "100"}, "missing_lines": [], "excluded_lines": [], "start_line": 1}}, "classes": {"": {"executed_lines": [3, 4, 7], "summary": {"covered_lines": 3, "num_statements": 3, "percent_covered": 100.0, "percent_covered_display": "100", "missing_lines": 0, "excluded_lines": 0, "percent_statements_covered": 100.0, "percent_statements_covered_display": "100"}, "missing_lines": [], "excluded_lines": [], "start_line": 1}}}, "processors\\deduplicator.py": {"executed_lines": [3, 4, 6, 7, 10, 20, 32, 33, 34, 36, 51, 52, 54, 57, 59, 64, 69, 71, 77, 79, 89, 90, 92, 93, 94, 95, 97, 99, 114, 115, 117, 119, 125, 127, 128, 133, 135, 155, 156, 160, 162, 163, 164, 166, 168, 183, 184, 187, 190, 193, 195, 197, 209, 211, 226, 227, 229, 231, 232, 234, 235, 237, 239, 240, 242, 244, 255, 256, 257, 258, 259, 261, 264, 266, 274], "summary": {"covered_lines": 75, "num_statements": 83, "percent_covered": 90.36144578313252, "percent_covered_display": "90", "missing_lines": 8, "excluded_lines": 0, "percent_statements_covered": 90.36144578313252, "percent_statements_covered_display": "90"}, "missing_lines": [137, 138, 142, 143, 147, 148, 149, 153], "excluded_lines": [], "functions": {"Deduplicator.__init__": {"executed_lines": [32, 33, 34], "summary": {"covered_lines": 3, "num_statements": 3, "percent_covered": 100.0, "percent_covered_display": "100", "missing_lines": 0, "excluded_lines": 0, "percent_statements_covered": 100.0, "percent_statements_covered_display": "100"}, "missing_lines": [], "excluded_lines": [], "start_line": 20}, "Deduplicator.remove_duplicates": {"executed_lines": [51, 52, 54, 57, 59, 64, 69, 71, 77], "summary": {"covered_lines": 9, "num_statements": 9, "percent_covered": 100.0, "percent_covered_display": "100", "missing_lines": 0, "excluded_lines": 0, "percent_statements_covered": 100.0, "percent_statements_covered_display": "100"}, "missing_lines": [], "excluded_lines": [], "start_line": 36}, "Deduplicator._remove_exact_duplicates": {"executed_lines": [89, 90, 92, 93, 94, 95, 97], "summary": {"covered_lines": 7, "num_statements": 7, "percent_covered": 100.0, "percent_covered_display": "100", "missing_lines": 0, "excluded_lines": 0, "percent_statements_covered": 100.0, "percent_statements_covered_display": "100"}, "missing_lines": [], "excluded_lines": [], "start_line": 79}, "Deduplicator._remove_similar_duplicates": {"executed_lines": [114, 115, 117, 119, 125, 127, 128, 133, 135, 155, 156, 160, 162, 163, 164, 166], "summary": {"covered_lines": 16, "num_statements": 24, "percent_covered": 66.66666666666667, "percent_covered_display": "67", "missing_lines": 8, "excluded_lines": 0, "percent_statements_covered": 66.66666666666667, "percent_statements_covered_display": "67"}, "missing_lines": [137, 138, 142, 143, 147, 148, 149, 153], "excluded_lines": [], "start_line": 99}, "Deduplicator._calculate_signature_similarity": {"executed_lines": [183, 184, 187, 190, 193, 195], "summary": {"covered_lines": 6, "num_statements": 6, "percent_covered": 100.0, "percent_covered_display": "100", "missing_lines": 0, "excluded_lines": 0, "percent_statements_covered": 100.0, "percent_statements_covered_display": "100"}, "missing_lines": [], "excluded_lines": [], "start_line": 168}, "Deduplicator._calculate_text_similarity": {"executed_lines": [209], "summary": {"covered_lines": 1, "num_statements": 1, "percent_covered": 100.0, "percent_covered_display": "100", "missing_lines": 0, "excluded_lines": 0, "percent_statements_covered": 100.0, "percent_statements_covered_display": "100"}, "missing_lines": [], "excluded_lines": [], "start_line": 197}, "Deduplicator.find_duplicates": {"executed_lines": [226, 227, 229, 231, 232, 234, 235, 237, 239, 240, 242], "summary": {"covered_lines": 11, "num_statements": 11, "percent_covered": 100.0, "percent_covered_display": "100", "missing_lines": 0, "excluded_lines": 0, "percent_statements_covered": 100.0, "percent_statements_covered_display": "100"}, "missing_lines": [], "excluded_lines": [], "start_line": 211}, "Deduplicator.get_deduplication_stats": {"executed_lines": [255, 256, 257, 258, 259, 261, 264, 266, 274], "summary": {"covered_lines": 9, "num_statements": 9, "percent_covered": 100.0, "percent_covered_display": "100", "missing_lines": 0, "excluded_lines": 0, "percent_statements_covered": 100.0, "percent_statements_covered_display": "100"}, "missing_lines": [], "excluded_lines": [], "start_line": 244}, "": {"executed_lines": [3, 4, 6, 7, 10, 20, 36, 79, 99, 168, 197, 211, 244], "summary": {"covered_lines": 13, "num_statements": 13, "percent_covered": 100.0, "percent_covered_display": "100", "missing_lines": 0, "excluded_lines": 0, "percent_statements_covered": 100.0, "percent_statements_covered_display": "100"}, "missing_lines": [], "excluded_lines": [], "start_line": 1}}, "classes": {"Deduplicator": {"executed_lines": [32, 33, 34, 51, 52, 54, 57, 59, 64, 69, 71, 77, 89, 90, 92, 93, 94, 95, 97, 114, 115, 117, 119, 125, 127, 128, 133, 135, 155, 156, 160, 162, 163, 164, 166, 183, 184, 187, 190, 193, 195, 209, 226, 227, 229, 231, 232, 234, 235, 237, 239, 240, 242, 255, 256, 257, 258, 259, 261, 264, 266, 274], "summary": {"covered_lines": 62, "num_statements": 70, "percent_covered": 88.57142857142857, "percent_covered_display": "89", "missing_lines": 8, "excluded_lines": 0, "percent_statements_covered": 88.57142857142857, "percent_statements_covered_display": "89"}, "missing_lines": [137, 138, 142, 143, 147, 148, 149, 153], "excluded_lines": [], "start_line": 10}, "": {"executed_lines": [3, 4, 6, 7, 10, 20, 36, 79, 99, 168, 197, 211, 244], "summary": {"covered_lines": 13, "num_statements": 13, "percent_covered": 100.0, "percent_covered_display": "100", "missing_lines": 0, "excluded_lines": 0, "percent_statements_covered": 100.0, "percent_statements_covered_display": "100"}, "missing_lines": [], "excluded_lines": [], "start_line": 1}}}, "processors\\filter.py": {"executed_lines": [3, 4, 6, 7, 10, 18, 20, 22, 44, 45, 47, 48, 51, 52, 56, 61, 62, 66, 71, 72, 76, 81, 82, 87, 92, 93, 98, 103, 104, 105, 110, 111, 115, 119, 124, 126, 141, 143, 144, 145, 146, 149, 154, 155, 157, 159, 174, 179, 194, 196, 201, 219, 221, 222, 223, 226, 229, 230, 231, 232, 234, 236, 246, 248, 249, 250, 251, 254, 259, 260, 262, 264, 279, 281, 282, 283, 284, 287, 288, 291, 293, 295, 310, 316, 320, 322, 323, 324, 329, 331, 343, 344, 345, 350, 352, 353, 355], "summary": {"covered_lines": 97, "num_statements": 101, "percent_covered": 96.03960396039604, "percent_covered_display": "96", "missing_lines": 4, "excluded_lines": 0, "percent_statements_covered": 96.03960396039604, "percent_statements_covered_display": "96"}, "missing_lines": [317, 332, 336, 341], "excluded_lines": [], "functions": {"JobFilter.__init__": {"executed_lines": [20], "summary": {"covered_lines": 1, "num_statements": 1, "percent_covered": 100.0, "percent_covered_display": "100", "missing_lines": 0, "excluded_lines": 0, "percent_statements_covered": 100.0, "percent_statements_covered_display": "100"}, "missing_lines": [], "excluded_lines": [], "start_line": 18}, "JobFilter.apply": {"executed_lines": [44, 45, 47, 48, 51, 52, 56, 61, 62, 66, 71, 72, 76, 81, 82, 87, 92, 93, 98, 103, 104, 105, 110, 111, 115, 119, 124], "summary": {"covered_lines": 27, "num_statements": 27, "percent_covered": 100.0, "percent_covered_display": "100", "missing_lines": 0, "excluded_lines": 0, "percent_statements_covered": 100.0, "percent_statements_covered_display": "100"}, "missing_lines": [], "excluded_lines": [], "start_line": 22}, "JobFilter._filter_by_location": {"executed_lines": [141, 143, 144, 145, 146, 149, 154, 155, 157], "summary": {"covered_lines": 9, "num_statements": 9, "percent_covered": 100.0, "percent_covered_display": "100", "missing_lines": 0, "excluded_lines": 0, "percent_statements_covered": 100.0, "percent_statements_covered_display": "100"}, "missing_lines": [], "excluded_lines": [], "start_line": 126}, "JobFilter._filter_by_description_length": {"executed_lines": [174], "summary": {"covered_lines": 1, "num_statements": 1, "percent_covered": 100.0, "percent_covered_display": "100", "missing_lines": 0, "excluded_lines": 0, "percent_statements_covered": 100.0, "percent_statements_covered_display": "100"}, "missing_lines": [], "excluded_lines": [], "start_line": 159}, "JobFilter._filter_by_age": {"executed_lines": [194, 196], "summary": {"covered_lines": 2, "num_statements": 2, "percent_covered": 100.0, "percent_covered_display": "100", "missing_lines": 0, "excluded_lines": 0, "percent_statements_covered": 100.0, "percent_statements_covered_display": "100"}, "missing_lines": [], "excluded_lines": [], "start_line": 179}, "JobFilter._filter_by_keywords": {"executed_lines": [219, 221, 222, 223, 226, 229, 230, 231, 232, 234], "summary": {"covered_lines": 10, "num_statements": 10, "percent_covered": 100.0, "percent_covered_display": "100", "missing_lines": 0, "excluded_lines": 0, "percent_statements_covered": 100.0, "percent_statements_covered_display": "100"}, "missing_lines": [], "excluded_lines": [], "start_line": 201}, "JobFilter._filter_by_remote": {"executed_lines": [246, 248, 249, 250, 251, 254, 259, 260, 262], "summary": {"covered_lines": 9, "num_statements": 9, "percent_covered": 100.0, "percent_covered_display": "100", "missing_lines": 0, "excluded_lines": 0, "percent_statements_covered": 100.0, "percent_statements_covered_display": "100"}, "missing_lines": [], "excluded_lines": [], "start_line": 236}, "JobFilter._filter_by_contract_type": {"executed_lines": [279, 281, 282, 283, 284, 287, 288, 291, 293], "summary": {"covered_lines": 9, "num_statements": 9, "percent_covered": 100.0, "percent_covered_display": "100", "missing_lines": 0, "excluded_lines": 0, "percent_statements_covered": 100.0, "percent_statements_covered_display": "100"}, "missing_lines": [], "excluded_lines": [], "start_line": 264}, "JobFilter.get_filter_stats": {"executed_lines": [310, 316, 320, 322, 323, 324, 329, 331, 343, 344, 345, 350, 352, 353, 355], "summary": {"covered_lines": 15, "num_statements": 19, "percent_covered": 78.94736842105263, "percent_covered_display": "79", "missing_lines": 4, "excluded_lines": 0, "percent_statements_covered": 78.94736842105263, "percent_statements_covered_display": "79"}, "missing_lines": [317, 332, 336, 341], "excluded_lines": [], "start_line": 295}, "": {"executed_lines": [3, 4, 6, 7, 10, 18, 22, 126, 159, 179, 201, 236, 264, 295], "summary": {"covered_lines": 14, "num_statements": 14, "percent_covered": 100.0, "percent_covered_display": "100", "missing_lines": 0, "excluded_lines": 0, "percent_statements_covered": 100.0, "percent_statements_covered_display": "100"}, "missing_lines": [], "excluded_lines": [], "start_line": 1}}, "classes": {"JobFilter": {"executed_lines": [20, 44, 45, 47, 48, 51, 52, 56, 61, 62, 66, 71, 72, 76, 81, 82, 87, 92, 93, 98, 103, 104, 105, 110, 111, 115, 119, 124, 141, 143, 144, 145, 146, 149, 154, 155, 157, 174, 194, 196, 219, 221, 222, 223, 226, 229, 230, 231, 232, 234, 246, 248, 249, 250, 251, 254, 259, 260, 262, 279, 281, 282, 283, 284, 287, 288, 291, 293, 310, 316, 320, 322, 323, 324, 329, 331, 343, 344, 345, 350, 352, 353, 355], "summary": {"covered_lines": 83, "num_statements": 87, "percent_covered": 95.40229885057471, "percent_covered_display": "95", "missing_lines": 4, "excluded_lines": 0, "percent_statements_covered": 95.40229885057471, "percent_statements_covered_display": "95"}, "missing_lines": [317, 332, 336, 341], "excluded_lines": [], "start_line": 10}, "": {"executed_lines": [3, 4, 6, 7, 10, 18, 22, 126, 159, 179, 201, 236, 264, 295], "summary": {"covered_lines": 14, "num_statements": 14, "percent_covered": 100.0, "percent_covered_display": "100", "missing_lines": 0, "excluded_lines": 0, "percent_statements_covered": 100.0, "percent_statements_covered_display": "100"}, "missing_lines": [], "excluded_lines": [], "start_line": 1}}}, "scorers\\__init__.py": {"executed_lines": [3, 5], "summary": {"covered_lines": 2, "num_statements": 2, "percent_covered": 100.0, "percent_covered_display": "100", "missing_lines": 0, "excluded_lines": 0, "percent_statements_covered": 100.0, "percent_statements_covered_display": "100"}, "missing_lines": [], "excluded_lines": [], "functions": {"": {"executed_lines": [3, 5], "summary": {"covered_lines": 2, "num_statements": 2, "percent_covered": 100.0, "percent_covered_display": "100", "missing_lines": 0, "excluded_lines": 0, "percent_statements_covered": 100.0, "percent_statements_covered_display": "100"}, "missing_lines": [], "excluded_lines": [], "start_line": 1}}, "classes": {"": {"executed_lines": [3, 5], "summary": {"covered_lines": 2, "num_statements": 2, "percent_covered": 100.0, "percent_covered_display": "100", "missing_lines": 0, "excluded_lines": 0, "percent_statements_covered": 100.0, "percent_statements_covered_display": "100"}, "missing_lines": [], "excluded_lines": [], "start_line": 1}}}, "scorers\\aggregator.py": {"executed_lines": [3, 4, 5, 6, 7, 14, 17, 31, 33, 36, 44, 49, 60, 62, 63, 64, 66, 67, 68, 70, 72, 78, 91, 97, 100, 103, 109, 118, 133, 140, 145, 152, 153, 155, 161], "summary": {"covered_lines": 35, "num_statements": 44, "percent_covered": 79.54545454545455, "percent_covered_display": "80", "missing_lines": 9, "excluded_lines": 0, "percent_statements_covered": 79.54545454545455, "percent_statements_covered_display": "80"}, "missing_lines": [80, 81, 83, 88, 120, 121, 124, 156, 159], "excluded_lines": [], "functions": {"ScoreAggregator.__init__": {"executed_lines": [33, 36, 44], "summary": {"covered_lines": 3, "num_statements": 3, "percent_covered": 100.0, "percent_covered_display": "100", "missing_lines": 0, "excluded_lines": 0, "percent_statements_covered": 100.0, "percent_statements_covered_display": "100"}, "missing_lines": [], "excluded_lines": [], "start_line": 31}, "ScoreAggregator.score_job": {"executed_lines": [60, 62, 63, 64, 66, 67, 68, 70, 72, 78, 91, 97, 100, 103, 109, 118], "summary": {"covered_lines": 16, "num_statements": 23, "percent_covered": 69.56521739130434, "percent_covered_display": "70", "missing_lines": 7, "excluded_lines": 0, "percent_statements_covered": 69.56521739130434, "percent_statements_covered_display": "70"}, "missing_lines": [80, 81, 83, 88, 120, 121, 124], "excluded_lines": [], "start_line": 49}, "ScoreAggregator.get_component_weights": {"executed_lines": [140], "summary": {"covered_lines": 1, "num_statements": 1, "percent_covered": 100.0, "percent_covered_display": "100", "missing_lines": 0, "excluded_lines": 0, "percent_statements_covered": 100.0, "percent_statements_covered_display": "100"}, "missing_lines": [], "excluded_lines": [], "start_line": 133}, "ScoreAggregator.verify_total_weight": {"executed_lines": [152, 153, 155, 161], "summary": {"covered_lines": 4, "num_statements": 6, "percent_covered": 66.66666666666667, "percent_covered_display": "67", "missing_lines": 2, "excluded_lines": 0, "percent_statements_covered": 66.66666666666667, "percent_statements_covered_display": "67"}, "missing_lines": [156, 159], "excluded_lines": [], "start_line": 145}, "": {"executed_lines": [3, 4, 5, 6, 7, 14, 17, 31, 49, 133, 145], "summary": {"covered_lines": 11, "num_statements": 11, "percent_covered": 100.0, "percent_covered_display": "100", "missing_lines": 0, "excluded_lines": 0, "percent_statements_covered": 100.0, "percent_statements_covered_display": "100"}, "missing_lines": [], "excluded_lines": [], "start_line": 1}}, "classes": {"ScoreAggregator": {"executed_lines": [33, 36, 44, 60, 62, 63, 64, 66, 67, 68, 70, 72, 78, 91, 97, 100, 103, 109, 118, 140, 152, 153, 155, 161], "summary": {"covered_lines": 24, "num_statements": 33, "percent_covered": 72.72727272727273, "percent_covered_display": "73", "missing_lines": 9, "excluded_lines": 0, "percent_statements_covered": 72.72727272727273, "percent_statements_covered_display": "73"}, "missing_lines": [80, 81, 83, 88, 120, 121, 124, 156, 159], "excluded_lines": [], "start_line": 17}, "": {"executed_lines": [3, 4, 5, 6, 7, 14, 17, 31, 49, 133, 145], "summary": {"covered_lines": 11, "num_statements": 11, "percent_covered": 100.0, "percent_covered_display": "100", "missing_lines": 0, "excluded_lines": 0, "percent_statements_covered": 100.0, "percent_statements_covered_display": "100"}, "missing_lines": [], "excluded_lines": [], "start_line": 1}}}, "scorers\\base.py": {"executed_lines": [3, 4, 5, 6, 7, 10, 11, 22, 23, 24, 25, 26, 28, 30, 34, 37, 49, 56, 58, 59, 72, 101, 104, 108, 111], "summary": {"covered_lines": 25, "num_statements": 28, "percent_covered": 89.28571428571429, "percent_covered_display": "89", "missing_lines": 3, "excluded_lines": 0, "percent_statements_covered": 89.28571428571429, "percent_statements_covered_display": "89"}, "missing_lines": [31, 70, 105], "excluded_lines": [], "functions": {"ComponentScore.__post_init__": {"executed_lines": [30, 34], "summary": {"covered_lines": 2, "num_statements": 3, "percent_covered": 66.66666666666667, "percent_covered_display": "67", "missing_lines": 1, "excluded_lines": 0, "percent_statements_covered": 66.66666666666667, "percent_statements_covered_display": "67"}, "missing_lines": [31], "excluded_lines": [], "start_line": 28}, "ScoreComponent.__init__": {"executed_lines": [56], "summary": {"covered_lines": 1, "num_statements": 1, "percent_covered": 100.0, "percent_covered_display": "100", "missing_lines": 0, "excluded_lines": 0, "percent_statements_covered": 100.0, "percent_statements_covered_display": "100"}, "missing_lines": [], "excluded_lines": [], "start_line": 49}, "ScoreComponent.calculate": {"executed_lines": [], "summary": {"covered_lines": 0, "num_statements": 1, "percent_covered": 0.0, "percent_covered_display": "0", "missing_lines": 1, "excluded_lines": 0, "percent_statements_covered": 0.0, "percent_statements_covered_display": "0"}, "missing_lines": [70], "excluded_lines": [], "start_line": 59}, "ScoreComponent.normalize_score": {"executed_lines": [101, 104, 108, 111], "summary": {"covered_lines": 4, "num_statements": 5, "percent_covered": 80.0, "percent_covered_display": "80", "missing_lines": 1, "excluded_lines": 0, "percent_statements_covered": 80.0, "percent_statements_covered_display": "80"}, "missing_lines": [105], "excluded_lines": [], "start_line": 72}, "": {"executed_lines": [3, 4, 5, 6, 7, 10, 11, 22, 23, 24, 25, 26, 28, 37, 49, 58, 59, 72], "summary": {"covered_lines": 18, "num_statements": 18, "percent_covered": 100.0, "percent_covered_display": "100", "missing_lines": 0, "excluded_lines": 0, "percent_statements_covered": 100.0, "percent_statements_covered_display": "100"}, "missing_lines": [], "excluded_lines": [], "start_line": 1}}, "classes": {"ComponentScore": {"executed_lines": [30, 34], "summary": {"covered_lines": 2, "num_statements": 3, "percent_covered": 66.66666666666667, "percent_covered_display": "67", "missing_lines": 1, "excluded_lines": 0, "percent_statements_covered": 66.66666666666667, "percent_statements_covered_display": "67"}, "missing_lines": [31], "excluded_lines": [], "start_line": 11}, "ScoreComponent": {"executed_lines": [56, 101, 104, 108, 111], "summary": {"covered_lines": 5, "num_statements": 7, "percent_covered": 71.42857142857143, "percent_covered_display": "71", "missing_lines": 2, "excluded_lines": 0, "percent_statements_covered": 71.42857142857143, "percent_statements_covered_display": "71"}, "missing_lines": [70, 105], "excluded_lines": [], "start_line": 37}, "": {"executed_lines": [3, 4, 5, 6, 7, 10, 11, 22, 23, 24, 25, 26, 28, 37, 49, 58, 59, 72], "summary": {"covered_lines": 18, "num_statements": 18, "percent_covered": 100.0, "percent_covered_display": "100", "missing_lines": 0, "excluded_lines": 0, "percent_statements_covered": 100.0, "percent_statements_covered_display": "100"}, "missing_lines": [], "excluded_lines": [], "start_line": 1}}}, "scorers\\components\\__init__.py": {"executed_lines": [3, 4, 5, 6, 7, 9], "summary": {"covered_lines": 6, "num_statements": 6, "percent_covered": 100.0, "percent_covered_display": "100", "missing_lines": 0, "excluded_lines": 0, "percent_statements_covered": 100.0, "percent_statements_covered_display": "100"}, "missing_lines": [], "excluded_lines": [], "functions": {"": {"executed_lines": [3, 4, 5, 6, 7, 9], "summary": {"covered_lines": 6, "num_statements": 6, "percent_covered": 100.0, "percent_covered_display": "100", "missing_lines": 0, "excluded_lines": 0, "percent_statements_covered": 100.0, "percent_statements_covered_display": "100"}, "missing_lines": [], "excluded_lines": [], "start_line": 1}}, "classes": {"": {"executed_lines": [3, 4, 5, 6, 7, 9], "summary": {"covered_lines": 6, "num_statements": 6, "percent_covered": 100.0, "percent_covered_display": "100", "missing_lines": 0, "excluded_lines": 0, "percent_statements_covered": 100.0, "percent_statements_covered_display": "100"}, "missing_lines": [], "excluded_lines": [], "start_line": 1}}}, "scorers\\components\\contract_component.py": {"executed_lines": [3, 4, 5, 6, 7, 10, 26, 28, 29, 32, 33, 36, 39, 40, 42, 52, 54, 56, 57, 58, 60, 61, 63, 74, 76, 79, 86, 93, 95, 116, 134, 137, 138, 139, 144, 155, 157], "summary": {"covered_lines": 37, "num_statements": 41, "percent_covered": 90.2439024390244, "percent_covered_display": "90", "missing_lines": 4, "excluded_lines": 0, "percent_statements_covered": 90.2439024390244, "percent_statements_covered_display": "90"}, "missing_lines": [106, 107, 108, 142], "excluded_lines": [], "functions": {"ContractComponent.__init__": {"executed_lines": [28, 29, 32, 33, 36, 39, 40], "summary": {"covered_lines": 7, "num_statements": 7, "percent_covered": 100.0, "percent_covered_display": "100", "missing_lines": 0, "excluded_lines": 0, "percent_statements_covered": 100.0, "percent_statements_covered_display": "100"}, "missing_lines": [], "excluded_lines": [], "start_line": 26}, "ContractComponent._build_contract_scores": {"executed_lines": [52, 54, 56, 57, 58, 60, 61], "summary": {"covered_lines": 7, "num_statements": 7, "percent_covered": 100.0, "percent_covered_display": "100", "missing_lines": 0, "excluded_lines": 0, "percent_statements_covered": 100.0, "percent_statements_covered_display": "100"}, "missing_lines": [], "excluded_lines": [], "start_line": 42}, "ContractComponent.calculate": {"executed_lines": [74, 76, 79, 86, 93, 95], "summary": {"covered_lines": 6, "num_statements": 9, "percent_covered": 66.66666666666667, "percent_covered_display": "67", "missing_lines": 3, "excluded_lines": 0, "percent_statements_covered": 66.66666666666667, "percent_statements_covered_display": "67"}, "missing_lines": [106, 107, 108], "excluded_lines": [], "start_line": 63}, "ContractComponent._match_contract_type": {"executed_lines": [134, 137, 138, 139], "summary": {"covered_lines": 4, "num_statements": 5, "percent_covered": 80.0, "percent_covered_display": "80", "missing_lines": 1, "excluded_lines": 0, "percent_statements_covered": 80.0, "percent_statements_covered_display": "80"}, "missing_lines": [142], "excluded_lines": [], "start_line": 116}, "ContractComponent._generate_explanation": {"executed_lines": [155, 157], "summary": {"covered_lines": 2, "num_statements": 2, "percent_covered": 100.0, "percent_covered_display": "100", "missing_lines": 0, "excluded_lines": 0, "percent_statements_covered": 100.0, "percent_statements_covered_display": "100"}, "missing_lines": [], "excluded_lines": [], "start_line": 144}, "": {"executed_lines": [3, 4, 5, 6, 7, 10, 26, 42, 63, 116, 144], "summary": {"covered_lines": 11, "num_statements": 11, "percent_covered": 100.0, "percent_covered_display": "100", "missing_lines": 0, "excluded_lines": 0, "percent_statements_covered": 100.0, "percent_statements_covered_display": "100"}, "missing_lines": [], "excluded_lines": [], "start_line": 1}}, "classes": {"ContractComponent": {"executed_lines": [28, 29, 32, 33, 36, 39, 40, 52, 54, 56, 57, 58, 60, 61, 74, 76, 79, 86, 93, 95, 134, 137, 138, 139, 155, 157], "summary": {"covered_lines": 26, "num_statements": 30, "percent_covered": 86.66666666666667, "percent_covered_display": "87", "missing_lines": 4, "excluded_lines": 0, "percent_statements_covered": 86.66666666666667, "percent_statements_covered_display": "87"}, "missing_lines": [106, 107, 108, 142], "excluded_lines": [], "start_line": 10}, "": {"executed_lines": [3, 4, 5, 6, 7, 10, 26, 42, 63, 116, 144], "summary": {"covered_lines": 11, "num_statements": 11, "percent_covered": 100.0, "percent_covered_display": "100", "missing_lines": 0, "excluded_lines": 0, "percent_statements_covered": 100.0, "percent_statements_covered_display": "100"}, "missing_lines": [], "excluded_lines": [], "start_line": 1}}}, "scorers\\components\\keyword_component.py": {"executed_lines": [3, 4, 5, 6, 7, 8, 11, 28, 30, 31, 34, 35, 38, 40, 50, 52, 55, 56, 57, 60, 61, 62, 65, 66, 67, 69, 70, 72, 83, 85, 88, 89, 91, 92, 93, 94, 97, 100, 102, 123, 133, 134, 137, 144, 145, 147, 149, 150, 151, 153, 154, 155, 157], "summary": {"covered_lines": 53, "num_statements": 56, "percent_covered": 94.64285714285714, "percent_covered_display": "95", "missing_lines": 3, "excluded_lines": 0, "percent_statements_covered": 94.64285714285714, "percent_statements_covered_display": "95"}, "missing_lines": [113, 114, 115], "excluded_lines": [], "functions": {"KeywordComponent.__init__": {"executed_lines": [30, 31, 34, 35, 38], "summary": {"covered_lines": 5, "num_statements": 5, "percent_covered": 100.0, "percent_covered_display": "100", "missing_lines": 0, "excluded_lines": 0, "percent_statements_covered": 100.0, "percent_statements_covered_display": "100"}, "missing_lines": [], "excluded_lines": [], "start_line": 28}, "KeywordComponent._build_keywords": {"executed_lines": [50, 52, 55, 56, 57, 60, 61, 62, 65, 66, 67, 69, 70], "summary": {"covered_lines": 13, "num_statements": 13, "percent_covered": 100.0, "percent_covered_display": "100", "missing_lines": 0, "excluded_lines": 0, "percent_statements_covered": 100.0, "percent_statements_covered_display": "100"}, "missing_lines": [], "excluded_lines": [], "start_line": 40}, "KeywordComponent.calculate": {"executed_lines": [83, 85, 88, 89, 91, 92, 93, 94, 97, 100, 102], "summary": {"covered_lines": 11, "num_statements": 14, "percent_covered": 78.57142857142857, "percent_covered_display": "79", "missing_lines": 3, "excluded_lines": 0, "percent_statements_covered": 78.57142857142857, "percent_statements_covered_display": "79"}, "missing_lines": [113, 114, 115], "excluded_lines": [], "start_line": 72}, "KeywordComponent._generate_explanation": {"executed_lines": [133, 134, 137, 144, 145, 147, 149, 150, 151, 153, 154, 155, 157], "summary": {"covered_lines": 13, "num_statements": 13, "percent_covered": 100.0, "percent_covered_display": "100", "missing_lines": 0, "excluded_lines": 0, "percent_statements_covered": 100.0, "percent_statements_covered_display": "100"}, "missing_lines": [], "excluded_lines": [], "start_line": 123}, "": {"executed_lines": [3, 4, 5, 6, 7, 8, 11, 28, 40, 72, 123], "summary": {"covered_lines": 11, "num_statements": 11, "percent_covered": 100.0, "percent_covered_display": "100", "missing_lines": 0, "excluded_lines": 0, "percent_statements_covered": 100.0, "percent_statements_covered_display": "100"}, "missing_lines": [], "excluded_lines": [], "start_line": 1}}, "classes": {"KeywordComponent": {"executed_lines": [30, 31, 34, 35, 38, 50, 52, 55, 56, 57, 60, 61, 62, 65, 66, 67, 69, 70, 83, 85, 88, 89, 91, 92, 93, 94, 97, 100, 102, 133, 134, 137, 144, 145, 147, 149, 150, 151, 153, 154, 155, 157], "summary": {"covered_lines": 42, "num_statements": 45, "percent_covered": 93.33333333333333, "percent_covered_display": "93", "missing_lines": 3, "excluded_lines": 0, "percent_statements_covered": 93.33333333333333, "percent_statements_covered_display": "93"}, "missing_lines": [113, 114, 115], "excluded_lines": [], "start_line": 11}, "": {"executed_lines": [3, 4, 5, 6, 7, 8, 11, 28, 40, 72, 123], "summary": {"covered_lines": 11, "num_statements": 11, "percent_covered": 100.0, "percent_covered_display": "100", "missing_lines": 0, "excluded_lines": 0, "percent_statements_covered": 100.0, "percent_statements_covered_display": "100"}, "missing_lines": [], "excluded_lines": [], "start_line": 1}}}, "scorers\\components\\remote_component.py": {"executed_lines": [3, 4, 5, 6, 7, 8, 11, 26, 28, 29, 32, 33, 36, 39, 40, 42, 52, 54, 56, 57, 58, 61, 66, 71, 72, 74, 85, 87, 90, 93, 99, 104, 111, 117, 139, 150, 154, 156, 157, 160, 162, 163, 164, 169, 186, 189, 191], "summary": {"covered_lines": 47, "num_statements": 55, "percent_covered": 85.45454545454545, "percent_covered_display": "85", "missing_lines": 8, "excluded_lines": 0, "percent_statements_covered": 85.45454545454545, "percent_statements_covered_display": "85"}, "missing_lines": [100, 101, 129, 130, 131, 158, 167, 187], "excluded_lines": [], "functions": {"RemoteComponent.__init__": {"executed_lines": [28, 29, 32, 33, 36, 39, 40], "summary": {"covered_lines": 7, "num_statements": 7, "percent_covered": 100.0, "percent_covered_display": "100", "missing_lines": 0, "excluded_lines": 0, "percent_statements_covered": 100.0, "percent_statements_covered_display": "100"}, "missing_lines": [], "excluded_lines": [], "start_line": 26}, "RemoteComponent._build_patterns": {"executed_lines": [52, 54, 56, 57, 58, 61, 66, 71, 72], "summary": {"covered_lines": 9, "num_statements": 9, "percent_covered": 100.0, "percent_covered_display": "100", "missing_lines": 0, "excluded_lines": 0, "percent_statements_covered": 100.0, "percent_statements_covered_display": "100"}, "missing_lines": [], "excluded_lines": [], "start_line": 42}, "RemoteComponent.calculate": {"executed_lines": [85, 87, 90, 93, 99, 104, 111, 117], "summary": {"covered_lines": 8, "num_statements": 13, "percent_covered": 61.53846153846154, "percent_covered_display": "62", "missing_lines": 5, "excluded_lines": 0, "percent_statements_covered": 61.53846153846154, "percent_statements_covered_display": "62"}, "missing_lines": [100, 101, 129, 130, 131], "excluded_lines": [], "start_line": 74}, "RemoteComponent._match_patterns": {"executed_lines": [150, 154, 156, 157, 160, 162, 163, 164], "summary": {"covered_lines": 8, "num_statements": 10, "percent_covered": 80.0, "percent_covered_display": "80", "missing_lines": 2, "excluded_lines": 0, "percent_statements_covered": 80.0, "percent_statements_covered_display": "80"}, "missing_lines": [158, 167], "excluded_lines": [], "start_line": 139}, "RemoteComponent._generate_explanation": {"executed_lines": [186, 189, 191], "summary": {"covered_lines": 3, "num_statements": 4, "percent_covered": 75.0, "percent_covered_display": "75", "missing_lines": 1, "excluded_lines": 0, "percent_statements_covered": 75.0, "percent_statements_covered_display": "75"}, "missing_lines": [187], "excluded_lines": [], "start_line": 169}, "": {"executed_lines": [3, 4, 5, 6, 7, 8, 11, 26, 42, 74, 139, 169], "summary": {"covered_lines": 12, "num_statements": 12, "percent_covered": 100.0, "percent_covered_display": "100", "missing_lines": 0, "excluded_lines": 0, "percent_statements_covered": 100.0, "percent_statements_covered_display": "100"}, "missing_lines": [], "excluded_lines": [], "start_line": 1}}, "classes": {"RemoteComponent": {"executed_lines": [28, 29, 32, 33, 36, 39, 40, 52, 54, 56, 57, 58, 61, 66, 71, 72, 85, 87, 90, 93, 99, 104, 111, 117, 150, 154, 156, 157, 160, 162, 163, 164, 186, 189, 191], "summary": {"covered_lines": 35, "num_statements": 43, "percent_covered": 81.3953488372093, "percent_covered_display": "81", "missing_lines": 8, "excluded_lines": 0, "percent_statements_covered": 81.3953488372093, "percent_statements_covered_display": "81"}, "missing_lines": [100, 101, 129, 130, 131, 158, 167, 187], "excluded_lines": [], "start_line": 11}, "": {"executed_lines": [3, 4, 5, 6, 7, 8, 11, 26, 42, 74, 139, 169], "summary": {"covered_lines": 12, "num_statements": 12, "percent_covered": 100.0, "percent_covered_display": "100", "missing_lines": 0, "excluded_lines": 0, "percent_statements_covered": 100.0, "percent_statements_covered_display": "100"}, "missing_lines": [], "excluded_lines": [], "start_line": 1}}}, "scorers\\components\\tech_stack_component.py": {"executed_lines": [3, 4, 5, 6, 7, 8, 11, 28, 30, 31, 34, 35, 38, 40, 50, 52, 55, 56, 57, 60, 61, 62, 65, 66, 67, 69, 70, 72, 83, 85, 88, 94, 95, 97, 98, 99, 100, 101, 104, 107, 109, 131, 148, 155, 162, 163, 166, 167, 169, 174, 175, 177], "summary": {"covered_lines": 52, "num_statements": 56, "percent_covered": 92.85714285714286, "percent_covered_display": "93", "missing_lines": 4, "excluded_lines": 0, "percent_statements_covered": 92.85714285714286, "percent_statements_covered_display": "93"}, "missing_lines": [121, 122, 123, 149], "excluded_lines": [], "functions": {"TechStackComponent.__init__": {"executed_lines": [30, 31, 34, 35, 38], "summary": {"covered_lines": 5, "num_statements": 5, "percent_covered": 100.0, "percent_covered_display": "100", "missing_lines": 0, "excluded_lines": 0, "percent_statements_covered": 100.0, "percent_statements_covered_display": "100"}, "missing_lines": [], "excluded_lines": [], "start_line": 28}, "TechStackComponent._build_tech_scores": {"executed_lines": [50, 52, 55, 56, 57, 60, 61, 62, 65, 66, 67, 69, 70], "summary": {"covered_lines": 13, "num_statements": 13, "percent_covered": 100.0, "percent_covered_display": "100", "missing_lines": 0, "excluded_lines": 0, "percent_statements_covered": 100.0, "percent_statements_covered_display": "100"}, "missing_lines": [], "excluded_lines": [], "start_line": 40}, "TechStackComponent.calculate": {"executed_lines": [83, 85, 88, 94, 95, 97, 98, 99, 100, 101, 104, 107, 109], "summary": {"covered_lines": 13, "num_statements": 16, "percent_covered": 81.25, "percent_covered_display": "81", "missing_lines": 3, "excluded_lines": 0, "percent_statements_covered": 81.25, "percent_statements_covered_display": "81"}, "missing_lines": [121, 122, 123], "excluded_lines": [], "start_line": 72}, "TechStackComponent._generate_explanation": {"executed_lines": [148, 155, 162, 163, 166, 167, 169, 174, 175, 177], "summary": {"covered_lines": 10, "num_statements": 11, "percent_covered": 90.9090909090909, "percent_covered_display": "91", "missing_lines": 1, "excluded_lines": 0, "percent_statements_covered": 90.9090909090909, "percent_statements_covered_display": "91"}, "missing_lines": [149], "excluded_lines": [], "start_line": 131}, "": {"executed_lines": [3, 4, 5, 6, 7, 8, 11, 28, 40, 72, 131], "summary": {"covered_lines": 11, "num_statements": 11, "percent_covered": 100.0, "percent_covered_display": "100", "missing_lines": 0, "excluded_lines": 0, "percent_statements_covered": 100.0, "percent_statements_covered_display": "100"}, "missing_lines": [], "excluded_lines": [], "start_line": 1}}, "classes": {"TechStackComponent": {"executed_lines": [30, 31, 34, 35, 38, 50, 52, 55, 56, 57, 60, 61, 62, 65, 66, 67, 69, 70, 83, 85, 88, 94, 95, 97, 98, 99, 100, 101, 104, 107, 109, 148, 155, 162, 163, 166, 167, 169, 174, 175, 177], "summary": {"covered_lines": 41, "num_statements": 45, "percent_covered": 91.11111111111111, "percent_covered_display": "91", "missing_lines": 4, "excluded_lines": 0, "percent_statements_covered": 91.11111111111111, "percent_statements_covered_display": "91"}, "missing_lines": [121, 122, 123, 149], "excluded_lines": [], "start_line": 11}, "": {"executed_lines": [3, 4, 5, 6, 7, 8, 11, 28, 40, 72, 131], "summary": {"covered_lines": 11, "num_statements": 11, "percent_covered": 100.0, "percent_covered_display": "100", "missing_lines": 0, "excluded_lines": 0, "percent_statements_covered": 100.0, "percent_statements_covered_display": "100"}, "missing_lines": [], "excluded_lines": [], "start_line": 1}}}, "scorers\\components\\tfidf_component.py": {"executed_lines": [3, 4, 5, 6, 7, 10, 24, 26, 27, 28, 30, 41, 43, 49, 52, 55, 58, 59, 61, 82, 92, 93, 94, 96, 98, 101, 103], "summary": {"covered_lines": 27, "num_statements": 33, "percent_covered": 81.81818181818181, "percent_covered_display": "82", "missing_lines": 6, "excluded_lines": 0, "percent_statements_covered": 81.81818181818181, "percent_statements_covered_display": "82"}, "missing_lines": [72, 73, 74, 95, 97, 99], "excluded_lines": [], "functions": {"TfidfComponent.__init__": {"executed_lines": [26, 27, 28], "summary": {"covered_lines": 3, "num_statements": 3, "percent_covered": 100.0, "percent_covered_display": "100", "missing_lines": 0, "excluded_lines": 0, "percent_statements_covered": 100.0, "percent_statements_covered_display": "100"}, "missing_lines": [], "excluded_lines": [], "start_line": 24}, "TfidfComponent.calculate": {"executed_lines": [41, 43, 49, 52, 55, 58, 59, 61], "summary": {"covered_lines": 8, "num_statements": 11, "percent_covered": 72.72727272727273, "percent_covered_display": "73", "missing_lines": 3, "excluded_lines": 0, "percent_statements_covered": 72.72727272727273, "percent_statements_covered_display": "73"}, "missing_lines": [72, 73, 74], "excluded_lines": [], "start_line": 30}, "TfidfComponent._generate_explanation": {"executed_lines": [92, 93, 94, 96, 98, 101, 103], "summary": {"covered_lines": 7, "num_statements": 10, "percent_covered": 70.0, "percent_covered_display": "70", "missing_lines": 3, "excluded_lines": 0, "percent_statements_covered": 70.0, "percent_statements_covered_display": "70"}, "missing_lines": [95, 97, 99], "excluded_lines": [], "start_line": 82}, "": {"executed_lines": [3, 4, 5, 6, 7, 10, 24, 30, 82], "summary": {"covered_lines": 9, "num_statements": 9, "percent_covered": 100.0, "percent_covered_display": "100", "missing_lines": 0, "excluded_lines": 0, "percent_statements_covered": 100.0, "percent_statements_covered_display": "100"}, "missing_lines": [], "excluded_lines": [], "start_line": 1}}, "classes": {"TfidfComponent": {"executed_lines": [26, 27, 28, 41, 43, 49, 52, 55, 58, 59, 61, 92, 93, 94, 96, 98, 101, 103], "summary": {"covered_lines": 18, "num_statements": 24, "percent_covered": 75.0, "percent_covered_display": "75", "missing_lines": 6, "excluded_lines": 0, "percent_statements_covered": 75.0, "percent_statements_covered_display": "75"}, "missing_lines": [72, 73, 74, 95, 97, 99], "excluded_lines": [], "start_line": 10}, "": {"executed_lines": [3, 4, 5, 6, 7, 10, 24, 30, 82], "summary": {"covered_lines": 9, "num_statements": 9, "percent_covered": 100.0, "percent_covered_display": "100", "missing_lines": 0, "excluded_lines": 0, "percent_statements_covered": 100.0, "percent_statements_covered_display": "100"}, "missing_lines": [], "excluded_lines": [], "start_line": 1}}}}, "totals": {"covered_lines": 798, "num_statements": 883, "percent_covered": 90.37372593431483, "percent_covered_display": "90", "missing_lines": 85, "excluded_lines": 0, "percent_statements_covered": 90.37372593431483, "percent_statements_covered_display": "90"}}